<?xml version="1.0" encoding="UTF-8"?>
<testng-results ignored="0" total="1" passed="1" failed="0" skipped="0">
  <reporter-output>
  </reporter-output>
  <suite started-at="2022-03-23T12:18:00 IST" name="Default suite" finished-at="2022-03-23T12:18:23 IST" duration-ms="23515">
    <groups>
    </groups>
    <test started-at="2022-03-23T12:18:00 IST" name="Default test" finished-at="2022-03-23T12:18:23 IST" duration-ms="23515">
      <class name="com.ecommerce.TestCases.TC_AddNewCustTest_002">
        <test-method is-config="true" signature="setup()[pri:0, instance:com.ecommerce.TestCases.TC_AddNewCustTest_002@3e58a80e]" started-at="2022-03-23T12:18:00 IST" name="setup" finished-at="2022-03-23T12:18:02 IST" duration-ms="1975" status="PASS">
          <reporter-output>
          </reporter-output>
        </test-method> <!-- setup -->
        <test-method signature="addnewCustomer()[pri:0, instance:com.ecommerce.TestCases.TC_AddNewCustTest_002@3e58a80e]" started-at="2022-03-23T12:18:02 IST" name="addnewCustomer" finished-at="2022-03-23T12:18:23 IST" duration-ms="21323" status="PASS">
          <reporter-output>
          </reporter-output>
        </test-method> <!-- addnewCustomer -->
        <test-method is-config="true" signature="teardown()[pri:0, instance:com.ecommerce.TestCases.TC_AddNewCustTest_002@3e58a80e]" started-at="2022-03-23T12:18:23 IST" name="teardown" finished-at="2022-03-23T12:18:23 IST" duration-ms="173" status="PASS">
          <reporter-output>
          </reporter-output>
        </test-method> <!-- teardown -->
      </class> <!-- com.ecommerce.TestCases.TC_AddNewCustTest_002 -->
    </test> <!-- Default test -->
  </suite> <!-- Default suite -->
</testng-results>
