<?xml version="1.0" encoding="UTF-8"?>
<testng-results ignored="0" total="1" passed="1" failed="0" skipped="0">
  <reporter-output>
  </reporter-output>
  <suite started-at="2022-04-20T18:03:37 IST" name="Default suite" finished-at="2022-04-20T18:03:55 IST" duration-ms="17821">
    <groups>
    </groups>
    <test started-at="2022-04-20T18:03:37 IST" name="Default test" finished-at="2022-04-20T18:03:55 IST" duration-ms="17821">
      <class name="com.banking.TestData.DropdownPractice">
        <test-method signature="setup()[pri:0, instance:com.banking.TestData.DropdownPractice@20ce78ec]" started-at="2022-04-20T18:03:37 IST" name="setup" finished-at="2022-04-20T18:03:55 IST" duration-ms="17661" status="PASS">
          <reporter-output>
          </reporter-output>
        </test-method> <!-- setup -->
      </class> <!-- com.banking.TestData.DropdownPractice -->
    </test> <!-- Default test -->
  </suite> <!-- Default suite -->
</testng-results>
